<?xml version="1.0" encoding="UTF-8"?>
<!-- Generated by org.testng.reporters.JUnitReportReporter -->
<testsuite skipped="0" hostname="DESKTOP-PNUR9II" name="com.sample.google.Login.verifications.LoginIndex" tests="5" failures="0" timestamp="2020-12-08T09:06:46 AEDT" time="139.449" errors="0">
  <testcase name="VerifyValidLogin" time="44.642" classname="com.sample.google.Login.verifications.LoginIndex"/>
  <system-out>
<br />Step 1:-Goto This Link https://accounts.google.com/ServiceLogin <br />Step 2:-Enter Valid Email & Password and Press Enter <br />Step 3:-Now, Verify the login details <br><Strong><font color=#008000>Login is Successful</font></strong> <br/><b>Entered Email is : jaymukul6@gmail.com</b> <br><Strong><font color=#008000>Pass</font></strong>  </system-out>
  <testcase name="VerifyLoginWithBlankPassword" time="24.040" classname="com.sample.google.Login.verifications.LoginIndex"/>
  <system-out>
<br />Step 1:-Goto This Link https://accounts.google.com/ServiceLogin <br />Step 2:-Enter Email and Press Enter <br />Step 3:-Then, Keep the Password Blank, and Press Enter <br />Step 4:-Now, Verify the validation message for blank password <br/><b>Validation Message : Enter a password</b> <br><Strong><font color=#008000>Pass</font></strong>  </system-out>
  <testcase name="VerifyLoginWithInvalidPassword" time="27.587" classname="com.sample.google.Login.verifications.LoginIndex"/>
  <system-out>
<br />Step 1:-Goto This Link https://accounts.google.com/ServiceLogin <br />Step 2:-Enter Valid Email & Invalid Password and Press Enter <br />Step 3:-Now, Verify the validation message for invalid password <br/><b>Validation Message : Wrong password. Try again or click Forgot password to reset it.</b> <br><Strong><font color=#008000>Pass</font></strong>  </system-out>
  <testcase name="VerifyLoginWithInvalidEmail" time="20.354" classname="com.sample.google.Login.verifications.LoginIndex"/>
  <system-out>
<br />Step 1:-Goto This Link https://accounts.google.com/ServiceLogin <br />Step 2:-Keep the Invalid Email, and Press Enter <br />Step 3:-Now, Verify the validation message for invalid email <br/><u><i>DETAILS Entered</i></u> <br/>email:jaymukul6@test.com <br/><b>Validation Message : Couldn't find your Google Account</b> <br><Strong><font color=#008000>Pass</font></strong>  </system-out>
  <testcase name="VerifyLoginWithBlankEmail" time="22.826" classname="com.sample.google.Login.verifications.LoginIndex"/>
  <system-out>
<br />Step 1:-Goto This Link https://accounts.google.com/ServiceLogin <br />Step 2:-Keep the Email Blank, and Press Enter <br />Step 3:-Now, Verify the validation message for blank email <br/><u><i>DETAILS Entered</i></u> <br/>email: <br/><b>Validation Message : Enter an email or phone number</b> <br><Strong><font color=#008000>Pass</font></strong>  </system-out>
</testsuite> <!-- com.sample.google.Login.verifications.LoginIndex -->
